<?xml version="1.0" encoding="UTF-8"?>
<!-- Generated by org.testng.reporters.JUnitReportReporter -->
<testsuite hostname="MSI" failures="0" tests="1" name="basics.StreamsInJava" time="0.012" errors="0" timestamp="19 Oct 2021 13:28:56 GMT" skipped="0">
  <testcase classname="basics.StreamsInJava" name="streamCollect" time="0.012"/>
</testsuite> <!-- basics.StreamsInJava -->
